[debug] [2021-01-17T07:08:19.992Z] ----------------------------------------------------------------------
[debug] [2021-01-17T07:08:19.994Z] Command:       C:\Users\jayda\DOWNLO~1\firebase-tools-instant-win.exe C:\Users\jayda\.cache\firebase\tools\lib\node_modules\firebase-tools\lib\bin\firebase init
[debug] [2021-01-17T07:08:19.995Z] CLI Version:   9.2.1
[debug] [2021-01-17T07:08:19.995Z] Platform:      win32
[debug] [2021-01-17T07:08:19.995Z] Node Version:  v12.18.1
[debug] [2021-01-17T07:08:19.996Z] Time:          Sun Jan 17 2021 02:08:19 GMT-0500 (Eastern Standard Time)
[debug] [2021-01-17T07:08:19.996Z] ----------------------------------------------------------------------
[debug] [2021-01-17T07:08:19.996Z] 
[debug] [2021-01-17T07:08:20.006Z] > command requires scopes: ["email","openid","https://www.googleapis.com/auth/cloudplatformprojects.readonly","https://www.googleapis.com/auth/firebase","https://www.googleapis.com/auth/cloud-platform"]
[debug] [2021-01-17T07:08:20.006Z] > authorizing via signed-in user
[info] 
     ######## #### ########  ######## ########     ###     ######  ########
     ##        ##  ##     ## ##       ##     ##  ##   ##  ##       ##
     ######    ##  ########  ######   ########  #########  ######  ######
     ##        ##  ##    ##  ##       ##     ## ##     ##       ## ##
     ##       #### ##     ## ######## ########  ##     ##  ######  ########

You're about to initialize a Firebase project in this directory:

  C:\Users\jayda\vscode-workspace\Rosehack\EyeOfTheHurricane

[info] 
=== Project Setup
[info] 
[info] First, let's associate this project directory with a Firebase project.
[info] You can create multiple project aliases by running firebase use --add, 
[info] but for now we'll just set up a default project.
[info] 
[debug] [2021-01-17T07:10:16.433Z] >>> [apiv2][query] GET https://firebase.googleapis.com/v1beta1/projects pageSize=100
[debug] [2021-01-17T07:10:16.842Z] <<< [apiv2][status] GET https://firebase.googleapis.com/v1beta1/projects 200
[debug] [2021-01-17T07:10:16.842Z] <<< [apiv2][body] GET https://firebase.googleapis.com/v1beta1/projects [omitted]
[info] i  Using project eyeofthehurricane-f2ffd (EyeOfTheHurricane) 
[info] 
=== Hosting Setup
[info] 
[info] Your public directory is the folder (relative to your project directory) that
[info] will contain Hosting assets to be uploaded with firebase deploy. If you
[info] have a build process for your assets, use your build's output directory.
[info] 
[info] +  Wrote public/404.html 
[debug] [2021-01-17T07:10:44.364Z] >>> [apiv2][query] GET https://www.gstatic.com/firebasejs/releases.json [none]
[debug] [2021-01-17T07:10:44.494Z] <<< [apiv2][status] GET https://www.gstatic.com/firebasejs/releases.json 200
[debug] [2021-01-17T07:10:44.494Z] <<< [apiv2][body] GET https://www.gstatic.com/firebasejs/releases.json {"current":{"version":"8.2.3","browserURL":"https://www.gstatic.com/firebasejs/8.2.3/firebase.js","packageURL":"https://www.gstatic.com/firebasejs/8.2.3/firebase.tgz"},"live":{"version":"8.2","browserURL":"https://www.gstatic.com/firebasejs/live/8.2/firebase.js","packageURL":"https://www.gstatic.com/firebasejs/live/8.2/firebase.tgz"},"components":{"analytics":"https://www.gstatic.com/firebasejs/8.2.3/firebase-analytics.js","app":"https://www.gstatic.com/firebasejs/8.2.3/firebase-app.js","auth":"https://www.gstatic.com/firebasejs/8.2.3/firebase-auth.js","database":"https://www.gstatic.com/firebasejs/8.2.3/firebase-database.js","firestore":"https://www.gstatic.com/firebasejs/8.2.3/firebase-firestore.js","functions":"https://www.gstatic.com/firebasejs/8.2.3/firebase-functions.js","installations":"https://www.gstatic.com/firebasejs/8.2.3/firebase-installations.js","messaging":"https://www.gstatic.com/firebasejs/8.2.3/firebase-messaging.js","storage":"https://www.gstatic.com/firebasejs/8.2.3/firebase-storage.js","performance":"https://www.gstatic.com/firebasejs/8.2.3/firebase-performance.js","remote-config":"https://www.gstatic.com/firebasejs/8.2.3/firebase-remote-config.js","firestore.memory":"https://www.gstatic.com/firebasejs/8.2.3/firebase-firestore.memory.js"}}
[info] +  Wrote public/index.html 
[info] 
[info] i  Didn't detect a .git folder. Assuming C:\Users\jayda\vscode-workspace\Rosehack\EyeOfTheHurricane is the project root. 
[info] i  Authorizing with GitHub to upload your service account to a GitHub repository's secrets store. 
[info] 
[info] Visit this URL on this device to log in:
[info] https://github.com/login/oauth/authorize?client_id=89cf50f02ac6aaed3484&state=888755088&redirect_uri=http%3A%2F%2Flocalhost%3A9005&scope=read%3Auser%20repo%20public_repo
[info] 
[info] Waiting for authentication...
[debug] [2021-01-17T07:10:55.441Z] >>> HTTP REQUEST POST https://github.com/login/oauth/access_token  
 {"client_id":"89cf50f02ac6aaed3484","client_secret":"3330d14abc895d9a74d5f17cd7a00711fa2c5bf0","code":"4016a3a36d18b54dd28d","redirect_uri":"http://localhost:9005","state":"888755088"}
[debug] [2021-01-17T07:10:55.638Z] <<< HTTP RESPONSE 200 {"server":"GitHub.com","date":"Sun, 17 Jan 2021 07:10:54 GMT","content-type":"application/json; charset=utf-8","transfer-encoding":"chunked","status":"200 OK","vary":"X-PJAX, Accept-Encoding, Accept, X-Requested-With","etag":"W/\"7aeb9153ef15158234a3f1fdf8c8cbcd\"","cache-control":"max-age=0, private, must-revalidate","strict-transport-security":"max-age=31536000; includeSubdomains; preload","x-frame-options":"deny","x-content-type-options":"nosniff","x-xss-protection":"1; mode=block","referrer-policy":"origin-when-cross-origin, strict-origin-when-cross-origin","expect-ct":"max-age=2592000, report-uri=\"https://api.github.com/_private/browser/errors\"","content-security-policy":"default-src 'none'; base-uri 'self'; block-all-mixed-content; connect-src 'self' uploads.github.com www.githubstatus.com collector.githubapp.com api.github.com github-cloud.s3.amazonaws.com github-production-repository-file-5c1aeb.s3.amazonaws.com github-production-upload-manifest-file-7fdce7.s3.amazonaws.com github-production-user-asset-6210df.s3.amazonaws.com cdn.optimizely.com logx.optimizely.com/v1/events wss://alive.github.com; font-src github.githubassets.com; form-action 'self' github.com gist.github.com; frame-ancestors 'none'; frame-src render.githubusercontent.com; img-src 'self' data: github.githubassets.com identicons.github.com collector.githubapp.com github-cloud.s3.amazonaws.com *.githubusercontent.com; manifest-src 'self'; media-src 'none'; script-src github.githubassets.com; style-src 'unsafe-inline' github.githubassets.com; worker-src github.com/socket-worker-5029ae85.js gist.github.com/socket-worker-5029ae85.js","x-github-request-id":"CF35:623F:104A382:192021C:6003E2FE"}
[debug] [2021-01-17T07:10:55.639Z] >>> [apiv2][query] GET https://api.github.com/user [none]
[debug] [2021-01-17T07:10:55.909Z] <<< [apiv2][status] GET https://api.github.com/user 200
[debug] [2021-01-17T07:10:55.909Z] <<< [apiv2][body] GET https://api.github.com/user {"login":"jmedina7","id":43220330,"node_id":"MDQ6VXNlcjQzMjIwMzMw","avatar_url":"https://avatars2.githubusercontent.com/u/43220330?v=4","gravatar_id":"","url":"https://api.github.com/users/jmedina7","html_url":"https://github.com/jmedina7","followers_url":"https://api.github.com/users/jmedina7/followers","following_url":"https://api.github.com/users/jmedina7/following{/other_user}","gists_url":"https://api.github.com/users/jmedina7/gists{/gist_id}","starred_url":"https://api.github.com/users/jmedina7/starred{/owner}{/repo}","subscriptions_url":"https://api.github.com/users/jmedina7/subscriptions","organizations_url":"https://api.github.com/users/jmedina7/orgs","repos_url":"https://api.github.com/users/jmedina7/repos","events_url":"https://api.github.com/users/jmedina7/events{/privacy}","received_events_url":"https://api.github.com/users/jmedina7/received_events","type":"User","site_admin":false,"name":"Jayda Medina","company":null,"blog":"","location":null,"email":null,"hireable":true,"bio":"University of Rochester, '21\r\nBachelor in Computer Science Candidate","twitter_username":null,"public_repos":11,"public_gists":0,"followers":1,"following":1,"created_at":"2018-09-12T20:13:08Z","updated_at":"2021-01-17T07:10:54Z","private_gists":0,"total_private_repos":27,"owned_private_repos":27,"disk_usage":385692,"collaborators":4,"two_factor_authentication":false,"plan":{"name":"free","space":976562499,"collaborators":0,"private_repos":10000}}
[info] 
[info] +  Success! Logged into GitHub as jmedina7 
[info] 
